client-student/build/outputs/mapping/release/seeds.txt
com.qgstudio.anywork.App
com.qgstudio.anywork.App: android.content.Context context
com.qgstudio.anywork.App: com.qgstudio.anywork.App app
com.qgstudio.anywork.App: com.tencent.tinker.loader.app.ApplicationLike tinkerApplicationLike
com.qgstudio.anywork.App: com.qgstudio.anywork.data.model.User user
com.qgstudio.anywork.App: App()
com.qgstudio.anywork.App: com.qgstudio.anywork.App getInstance()
com.qgstudio.anywork.App: android.content.Context getContext()
com.qgstudio.anywork.App: void onCreate()
com.qgstudio.anywork.App: com.qgstudio.anywork.data.model.User getUser()
com.qgstudio.anywork.App: void setUser(com.qgstudio.anywork.data.model.User)
com.qgstudio.anywork.App: java.lang.String getProcessName(int)
com.qgstudio.anywork.R$anim
com.qgstudio.anywork.R$anim: int abc_fade_in
com.qgstudio.anywork.R$anim: int abc_fade_out
com.qgstudio.anywork.R$anim: int abc_grow_fade_in_from_bottom
com.qgstudio.anywork.R$anim: int abc_popup_enter
com.qgstudio.anywork.R$anim: int abc_popup_exit
com.qgstudio.anywork.R$anim: int abc_shrink_fade_out_from_bottom
com.qgstudio.anywork.R$anim: int abc_slide_in_bottom
com.qgstudio.anywork.R$anim: int abc_slide_in_top
com.qgstudio.anywork.R$anim: int abc_slide_out_bottom
com.qgstudio.anywork.R$anim: int abc_slide_out_top
com.qgstudio.anywork.R$anim: int abc_tooltip_enter
com.qgstudio.anywork.R$anim: int abc_tooltip_exit
com.qgstudio.anywork.R$anim: int design_bottom_sheet_slide_in
com.qgstudio.anywork.R$anim: int design_bottom_sheet_slide_out
com.qgstudio.anywork.R$anim: int design_snackbar_in
com.qgstudio.anywork.R$anim: int design_snackbar_out
com.qgstudio.anywork.R$anim: int fade_in_center
com.qgstudio.anywork.R$anim: int slide_out_left
com.qgstudio.anywork.R$anim: R$anim()
com.qgstudio.anywork.R$animator
com.qgstudio.anywork.R$animator: int design_appbar_state_list_animator
com.qgstudio.anywork.R$animator: R$animator()
com.qgstudio.anywork.R$attr
com.qgstudio.anywork.R$attr: int actionBarDivider
com.qgstudio.anywork.R$attr: int actionBarItemBackground
com.qgstudio.anywork.R$attr: int actionBarPopupTheme
com.qgstudio.anywork.R$attr: int actionBarSize
com.qgstudio.anywork.R$attr: int actionBarSplitStyle
com.qgstudio.anywork.R$attr: int actionBarStyle
com.qgstudio.anywork.R$attr: int actionBarTabBarStyle
com.qgstudio.anywork.R$attr: int actionBarTabStyle
com.qgstudio.anywork.R$attr: int actionBarTabTextStyle
com.qgstudio.anywork.R$attr: int actionBarTheme
com.qgstudio.anywork.R$attr: int actionBarWidgetTheme
com.qgstudio.anywork.R$attr: int actionButtonStyle
com.qgstudio.anywork.R$attr: int actionDropDownStyle
com.qgstudio.anywork.R$attr: int actionLayout
com.qgstudio.anywork.R$attr: int actionMenuTextAppearance
com.qgstudio.anywork.R$attr: int actionMenuTextColor
com.qgstudio.anywork.R$attr: int actionModeBackground
com.qgstudio.anywork.R$attr: int actionModeCloseButtonStyle
com.qgstudio.anywork.R$attr: int actionModeCloseDrawable
com.qgstudio.anywork.R$attr: int actionModeCopyDrawable
com.qgstudio.anywork.R$attr: int actionModeCutDrawable
com.qgstudio.anywork.R$attr: int actionModeFindDrawable
com.qgstudio.anywork.R$attr: int actionModePasteDrawable
com.qgstudio.anywork.R$attr: int actionModePopupWindowStyle
com.qgstudio.anywork.R$attr: int actionModeSelectAllDrawable
com.qgstudio.anywork.R$attr: int actionModeShareDrawable
com.qgstudio.anywork.R$attr: int actionModeSplitBackground
com.qgstudio.anywork.R$bool
com.qgstudio.anywork.R$bool: int abc_action_bar_embed_tabs
com.qgstudio.anywork.R$bool: int abc_allow_stacked_button_bar
com.qgstudio.anywork.R$bool: int abc_config_actionMenuItemAllCaps
com.qgstudio.anywork.R$bool: int abc_config_showMenuShortcutsWhenKeyboardPresent
com.qgstudio.anywork.R$bool: R$bool()
...
android.support.v4.provider.FontsContractCompat$3
android.support.v4.provider.FontsContractCompat$3: java.lang.String val$id
android.support.v4.provider.FontsContractCompat$3: FontsContractCompat$3(java.lang.String)
android.support.v4.provider.FontsContractCompat$3: void onReply(android.support.v4.provider.FontsContractCompat$TypefaceResult)
android.support.v4.provider.FontsContractCompat$3: void onReply(java.lang.Object)
android.support.v4.provider.FontsContractCompat$4
android.support.v4.provider.FontsContractCompat$4: android.content.Context val$context
android.support.v4.provider.FontsContractCompat$4: android.support.v4.provider.FontRequest val$request
android.support.v4.provider.FontsContractCompat$4: android.os.Handler val$callerThreadHandler
android.support.v4.provider.FontsContractCompat$4: android.support.v4.provider.FontsContractCompat$FontRequestCallback val$callback
android.support.v4.provider.FontsContractCompat$4: FontsContractCompat$4(android.content.Context,android.support.v4.provider.FontRequest,android.os.Handler,android.support.v4.provider.FontsContractCompat$FontRequestCallback)
android.support.v4.provider.FontsContractCompat$4: void run()
android.support.v4.provider.FontsContractCompat$4$1
android.support.v4.provider.FontsContractCompat$4$1: android.support.v4.provider.FontsContractCompat$4 this$0
android.support.v4.provider.FontsContractCompat$4$1: FontsContractCompat$4$1(android.support.v4.provider.FontsContractCompat$4)
android.support.v4.provider.FontsContractCompat$4$1: void run()
android.support.v4.provider.FontsContractCompat$4$2
android.support.v4.provider.FontsContractCompat$4$2: android.support.v4.provider.FontsContractCompat$4 this$0
android.support.v4.provider.FontsContractCompat$4$2: FontsContractCompat$4$2(android.support.v4.provider.FontsContractCompat$4)
android.support.v4.provider.FontsContractCompat$4$2: void run()
android.support.v4.provider.FontsContractCompat$4$3
android.support.v4.provider.FontsContractCompat$4$3: android.support.v4.provider.FontsContractCompat$4 this$0
android.support.v4.provider.FontsContractCompat$4$3: FontsContractCompat$4$3(android.support.v4.provider.FontsContractCompat$4)
android.support.v4.provider.FontsContractCompat$4$3: void run()
android.support.v4.provider.FontsContractCompat$4$4
android.support.v4.provider.FontsContractCompat$4$4: android.support.v4.provider.FontsContractCompat$4 this$0
android.support.v4.provider.FontsContractCompat$4$4: FontsContractCompat$4$4(android.support.v4.provider.FontsContractCompat$4)
android.support.v4.provider.FontsContractCompat$4$4: void run()
android.support.v4.provider.FontsContractCompat$4$5
android.support.v4.provider.FontsContractCompat$4$5: android.support.v4.provider.FontsContractCompat$4 this$0
android.support.v4.provider.FontsContractCompat$4$5: FontsContractCompat$4$5(android.support.v4.provider.FontsContractCompat$4)
android.support.v4.provider.FontsContractCompat$4$5: void run()
android.support.v4.provider.FontsContractCompat$4$6
android.support.v4.provider.FontsContractCompat$4$6: android.support.v4.provider.FontsContractCompat$4 this$0
android.support.v4.provider.FontsContractCompat$4$6: FontsContractCompat$4$6(android.support.v4.provider.FontsContractCompat$4)
android.support.v4.provider.FontsContractCompat$4$6: void run()
android.support.v4.provider.FontsContractCompat$4$7
android.support.v4.provider.FontsContractCompat$4$7: int val$resultCode
android.support.v4.provider.FontsContractCompat$4$7: android.support.v4.provider.FontsContractCompat$4 this$0
android.support.v4.provider.FontsContractCompat$4$7: FontsContractCompat$4$7(android.support.v4.provider.FontsContractCompat$4,int)
android.support.v4.provider.FontsContractCompat$4$7: void run()