client-student/build/outputs/mapping/release/mapping.txt
com.qgstudio.anywork.App -> com.qgstudio.anywork.App:
    android.content.Context context -> context
    com.qgstudio.anywork.App app -> app
    com.tencent.tinker.loader.app.ApplicationLike tinkerApplicationLike -> tinkerApplicationLike
    com.qgstudio.anywork.data.model.User user -> user
    void <init>() -> <init>
    com.qgstudio.anywork.App getInstance() -> getInstance
    android.content.Context getContext() -> getContext
    void onCreate() -> onCreate
    com.qgstudio.anywork.data.model.User getUser() -> getUser
    void setUser(com.qgstudio.anywork.data.model.User) -> setUser
    java.lang.String getProcessName(int) -> getProcessName
com.qgstudio.anywork.R -> com.qgstudio.anywork.R:
com.qgstudio.anywork.R$anim -> com.qgstudio.anywork.R$anim:
    int abc_fade_in -> abc_fade_in
    int abc_fade_out -> abc_fade_out
    int abc_grow_fade_in_from_bottom -> abc_grow_fade_in_from_bottom
    int abc_popup_enter -> abc_popup_enter
    int abc_popup_exit -> abc_popup_exit
    int abc_shrink_fade_out_from_bottom -> abc_shrink_fade_out_from_bottom
    int abc_slide_in_bottom -> abc_slide_in_bottom
    int abc_slide_in_top -> abc_slide_in_top
    int abc_slide_out_bottom -> abc_slide_out_bottom
    int abc_slide_out_top -> abc_slide_out_top
    int abc_tooltip_enter -> abc_tooltip_enter
    int abc_tooltip_exit -> abc_tooltip_exit
    int design_bottom_sheet_slide_in -> design_bottom_sheet_slide_in
    int design_bottom_sheet_slide_out -> design_bottom_sheet_slide_out
    int design_snackbar_in -> design_snackbar_in
    int design_snackbar_out -> design_snackbar_out
    int fade_in_center -> fade_in_center
    int slide_out_left -> slide_out_left
    void <init>() -> <init>
com.qgstudio.anywork.R$animator -> com.qgstudio.anywork.R$animator:
    int design_appbar_state_list_animator -> design_appbar_state_list_animator
    void <init>() -> <init>
com.qgstudio.anywork.R$attr -> com.qgstudio.anywork.R$attr:
    int actionBarDivider -> actionBarDivider
    int actionBarItemBackground -> actionBarItemBackground
    int actionBarPopupTheme -> actionBarPopupTheme
    int actionBarSize -> actionBarSize
    int actionBarSplitStyle -> actionBarSplitStyle
    int actionBarStyle -> actionBarStyle
    int actionBarTabBarStyle -> actionBarTabBarStyle
    int actionBarTabStyle -> actionBarTabStyle
    int actionBarTabTextStyle -> actionBarTabTextStyle
    int actionBarTheme -> actionBarTheme
    int actionBarWidgetTheme -> actionBarWidgetTheme
    int actionButtonStyle -> actionButtonStyle
    int actionDropDownStyle -> actionDropDownStyle
    int actionLayout -> actionLayout
    int actionMenuTextAppearance -> actionMenuTextAppearance
    int actionMenuTextColor -> actionMenuTextColor
    int actionModeBackground -> actionModeBackground
    int actionModeCloseButtonStyle -> actionModeCloseButtonStyle
    int actionModeCloseDrawable -> actionModeCloseDrawable
    int actionModeCopyDrawable -> actionModeCopyDrawable
    int actionModeCutDrawable -> actionModeCutDrawable
    int actionModeFindDrawable -> actionModeFindDrawable
    int actionModePasteDrawable -> actionModePasteDrawable
    int actionModePopupWindowStyle -> actionModePopupWindowStyle
    int actionModeSelectAllDrawable -> actionModeSelectAllDrawable
    int actionModeShareDrawable -> actionModeShareDrawable
com.qgstudio.anywork.R$bool -> com.qgstudio.anywork.R$bool:
    int abc_action_bar_embed_tabs -> abc_action_bar_embed_tabs
    int abc_allow_stacked_button_bar -> abc_allow_stacked_button_bar
    int abc_config_actionMenuItemAllCaps -> abc_config_actionMenuItemAllCaps
    int abc_config_showMenuShortcutsWhenKeyboardPresent -> abc_config_showMenuShortcutsWhenKeyboardPresent
    void <init>() -> <init>
...
android.support.v7.widget.ActionMenuPresenter$ActionButtonSubmenu -> android.support.v7.widget.ActionMenuPresenter$ActionButtonSubmenu:
    android.support.v7.widget.ActionMenuPresenter this$0 -> this$0
    void <init>(android.support.v7.widget.ActionMenuPresenter,android.content.Context,android.support.v7.view.menu.SubMenuBuilder,android.view.View) -> <init>
    void onDismiss() -> onDismiss
android.support.v7.widget.ActionMenuPresenter$ActionMenuPopupCallback -> android.support.v7.widget.ActionMenuPresenter$ActionMenuPopupCallback:
    android.support.v7.widget.ActionMenuPresenter this$0 -> this$0
    void <init>(android.support.v7.widget.ActionMenuPresenter) -> <init>
    android.support.v7.view.menu.ShowableListMenu getPopup() -> getPopup
android.support.v7.widget.ActionMenuPresenter$OpenOverflowRunnable -> android.support.v7.widget.ActionMenuPresenter$OpenOverflowRunnable:
    android.support.v7.widget.ActionMenuPresenter$OverflowPopup mPopup -> mPopup
    android.support.v7.widget.ActionMenuPresenter this$0 -> this$0
    void <init>(android.support.v7.widget.ActionMenuPresenter,android.support.v7.widget.ActionMenuPresenter$OverflowPopup) -> <init>
    void run() -> run
android.support.v7.widget.ActionMenuPresenter$OverflowMenuButton -> android.support.v7.widget.ActionMenuPresenter$OverflowMenuButton:
    float[] mTempPts -> mTempPts
    android.support.v7.widget.ActionMenuPresenter this$0 -> this$0
    void <init>(android.support.v7.widget.ActionMenuPresenter,android.content.Context) -> <init>
    boolean performClick() -> performClick
    boolean needsDividerBefore() -> needsDividerBefore
    boolean needsDividerAfter() -> needsDividerAfter
    boolean setFrame(int,int,int,int) -> setFrame
android.support.v7.widget.ActionMenuPresenter$OverflowMenuButton$1 -> android.support.v7.widget.ActionMenuPresenter$OverflowMenuButton$1:
    android.support.v7.widget.ActionMenuPresenter val$this$0 -> val$this$0
    android.support.v7.widget.ActionMenuPresenter$OverflowMenuButton this$1 -> this$1
    void <init>(android.support.v7.widget.ActionMenuPresenter$OverflowMenuButton,android.view.View,android.support.v7.widget.ActionMenuPresenter) -> <init>
    android.support.v7.view.menu.ShowableListMenu getPopup() -> getPopup
    boolean onForwardingStarted() -> onForwardingStarted
    boolean onForwardingStopped() -> onForwardingStopped
android.support.v7.widget.ActionMenuPresenter$OverflowPopup -> android.support.v7.widget.ActionMenuPresenter$OverflowPopup:
    android.support.v7.widget.ActionMenuPresenter this$0 -> this$0
    void <init>(android.support.v7.widget.ActionMenuPresenter,android.content.Context,android.support.v7.view.menu.MenuBuilder,android.view.View,boolean) -> <init>
    void onDismiss() -> onDismiss
android.support.v7.widget.ActionMenuPresenter$PopupPresenterCallback -> android.support.v7.widget.ActionMenuPresenter$PopupPresenterCallback:
    android.support.v7.widget.ActionMenuPresenter this$0 -> this$0
    void <init>(android.support.v7.widget.ActionMenuPresenter) -> <init>
    boolean onOpenSubMenu(android.support.v7.view.menu.MenuBuilder) -> onOpenSubMenu
    void onCloseMenu(android.support.v7.view.menu.MenuBuilder,boolean) -> onCloseMenu
android.support.v7.widget.ActionMenuPresenter$SavedState -> android.support.v7.widget.ActionMenuPresenter$SavedState:
    int openSubMenuId -> openSubMenuId
    android.os.Parcelable$Creator CREATOR -> CREATOR
    void <init>() -> <init>
    void <init>(android.os.Parcel) -> <init>
    int describeContents() -> describeContents
    void writeToParcel(android.os.Parcel,int) -> writeToParcel
    void <clinit>() -> <clinit>