client-student/build/outputs/mapping/release/usage.txt
com.qgstudio.anywork.BuildConfig
com.qgstudio.anywork.R:
    10:10:public R()
com.qgstudio.anywork.collection.CollectionActivity_ViewBinding:
    20:21:public CollectionActivity_ViewBinding(com.qgstudio.anywork.collection.CollectionActivity)
com.qgstudio.anywork.data.ApiStores
com.qgstudio.anywork.data.ResponseResult:
    18:19:public void setState(int)
    26:27:public void setStateInfo(java.lang.String)
    34:35:public void setData(java.lang.Object)
com.qgstudio.anywork.data.RetrofitSubscriber:
    public static final int mSuccessState
com.qgstudio.anywork.dialog.BaseDialog:
    44:46:private BaseDialog(com.qgstudio.anywork.dialog.BaseDialog$Builder)
com.qgstudio.anywork.dialog.BaseDialog$Builder:
    110:126:public BaseDialog$Builder(com.qgstudio.anywork.common.DialogManagerActivity)
    135:136:public com.qgstudio.anywork.dialog.BaseDialog$Builder titleColor(int)
    145:146:public com.qgstudio.anywork.dialog.BaseDialog$Builder isClose(boolean)
    150:153:public com.qgstudio.anywork.dialog.BaseDialog$Builder content(java.lang.String)
    157:158:public com.qgstudio.anywork.dialog.BaseDialog$Builder view(int)
    167:169:public com.qgstudio.anywork.dialog.BaseDialog$Builder setNegativeListener(java.lang.String,android.view.View$OnClickListener)
    181:183:public com.qgstudio.anywork.dialog.BaseDialog$Builder sizepx(int,int)
    187:189:public com.qgstudio.anywork.dialog.BaseDialog$Builder sizedp(int,int)
    193:195:public com.qgstudio.anywork.dialog.BaseDialog$Builder sizeRes(int,int)
    199:200:public com.qgstudio.anywork.dialog.BaseDialog$Builder style(int)
    209:210:public com.qgstudio.anywork.dialog.BaseDialog$Builder addViewOnClick(int,android.view.View$OnClickListener)
com.qgstudio.anywork.dialog.BaseDialog_ViewBinding:
    22:23:public BaseDialog_ViewBinding(com.qgstudio.anywork.dialog.BaseDialog)
com.qgstudio.anywork.dialog.NewBaseDialog:
    44:46:private NewBaseDialog(com.qgstudio.anywork.dialog.NewBaseDialog$Builder)
com.qgstudio.anywork.dialog.NewBaseDialog$Builder:
    private java.lang.String title
    110:126:public NewBaseDialog$Builder(com.qgstudio.anywork.common.DialogManagerActivity)
    135:136:public com.qgstudio.anywork.dialog.NewBaseDialog$Builder titleColor(int)
    145:146:public com.qgstudio.anywork.dialog.NewBaseDialog$Builder isClose(boolean)
    157:158:public com.qgstudio.anywork.dialog.NewBaseDialog$Builder view(int)
    167:169:public com.qgstudio.anywork.dialog.NewBaseDialog$Builder setNegativeListener(java.lang.String,android.view.View$OnClickListener)
    181:183:public com.qgstudio.anywork.dialog.NewBaseDialog$Builder sizepx(int,int)
    187:189:public com.qgstudio.anywork.dialog.NewBaseDialog$Builder sizedp(int,int)
    193:195:public com.qgstudio.anywork.dialog.NewBaseDialog$Builder sizeRes(int,int)
    199:200:public com.qgstudio.anywork.dialog.NewBaseDialog$Builder style(int)
    209:210:public com.qgstudio.anywork.dialog.NewBaseDialog$Builder addViewOnClick(int,android.view.View$OnClickListener)
com.qgstudio.anywork.dialog.NewBaseDialog_ViewBinding:
    21:22:public NewBaseDialog_ViewBinding(com.qgstudio.anywork.dialog.NewBaseDialog)
com.qgstudio.anywork.enter.EnterActivity:
    public static final int FLAG_SWITCH_USER
    174:177:public static void start(android.content.Context,int)
    181:191:private void setTransition(android.support.v4.app.Fragment)
com.qgstudio.anywork.enter.EnterActivity_ViewBinding:
    26:27:public EnterActivity_ViewBinding(com.qgstudio.anywork.enter.EnterActivity)
com.qgstudio.anywork.enter.login.LoginContract:
    12:12:public LoginContract()
com.qgstudio.anywork.enter.login.LoginContract$Presenter
com.qgstudio.anywork.enter.login.LoginFragment:
    public static final java.lang.String ARGUMENT_LOGIN_ID
com.qgstudio.anywork.enter.login.LoginPresenter:
    public static final java.lang.String TAG
com.qgstudio.anywork.enter.login.LoginPresenter$1:
    63:63:public android.content.Context getContext()
...
com.tencent.tinker.android.dex.TableOfContents:
    public static final short SECTION_TYPE_HEADER
    public static final short SECTION_TYPE_STRINGIDS
    public static final short SECTION_TYPE_TYPEIDS
    public static final short SECTION_TYPE_PROTOIDS
    public static final short SECTION_TYPE_FIELDIDS
    public static final short SECTION_TYPE_METHODIDS
    public static final short SECTION_TYPE_CLASSDEFS
    public static final short SECTION_TYPE_MAPLIST
    public static final short SECTION_TYPE_TYPELISTS
    public static final short SECTION_TYPE_ANNOTATIONSETREFLISTS
    public static final short SECTION_TYPE_ANNOTATIONSETS
    public static final short SECTION_TYPE_CLASSDATA
    public static final short SECTION_TYPE_CODES
    public static final short SECTION_TYPE_STRINGDATAS
    public static final short SECTION_TYPE_DEBUGINFOS
    public static final short SECTION_TYPE_ANNOTATIONS
    public static final short SECTION_TYPE_ENCODEDARRAYS
    public static final short SECTION_TYPE_ANNOTATIONSDIRECTORIES
    83:139:public com.tencent.tinker.android.dex.TableOfContents$Section getSectionByType(int)
com.tencent.tinker.android.dex.TableOfContents$Section:
    public static final int UNDEF_INDEX
    public static final int UNDEF_OFFSET
com.tencent.tinker.android.dex.TableOfContents$Section$Item:
    public abstract int byteCountInDex()
com.tencent.tinker.android.dex.TypeList:
    38:38:public int byteCountInDex()
com.tencent.tinker.android.dex.io.DexDataBuffer:
    public static final int DEFAULT_BUFFER_SIZE
    76:81:public DexDataBuffer(java.nio.ByteBuffer,boolean)
    92:92:public int available()
    111:114:public byte[] array()
    123:123:public int readUnsignedByte()
com.tencent.tinker.android.dex.util.CompareUtils:
    26:26:private CompareUtils()
    113:116:public static int sCompare(byte,byte)
    120:123:public static int sCompare(short,short)
    134:137:public static int sCompare(long,long)
    141:155:public static int sArrCompare(byte[],byte[])
    160:174:public static int sArrCompare(short[],short[])
    198:212:public static int sArrCompare(long[],long[])
    236:250:public static int aArrCompare(java.lang.Object[],java.lang.Object[],java.util.Comparator)
com.tencent.tinker.android.dex.util.FileUtils:
    31:32:private FileUtils()
    42:43:public static byte[] readFile(java.lang.String)
    55:93:public static byte[] readFile(java.io.File)
    117:119:public static boolean hasArchiveSuffix(java.lang.String)
com.tencent.tinker.android.dx.instruction.InstructionCodec:
    public static final int INDEX_TYPE_UNKNOWN
    public static final int INDEX_TYPE_NONE
    public static final int INDEX_TYPE_TYPE_REF
    public static final int INDEX_TYPE_STRING_REF
    public static final int INDEX_TYPE_METHOD_REF
    public static final int INDEX_TYPE_FIELD_REF
    public static final int INSN_FORMAT_UNKNOWN
    public static final int INSN_FORMAT_00X
    public static final int INSN_FORMAT_10T
    public static final int INSN_FORMAT_10X
    public static final int INSN_FORMAT_11N
    public static final int INSN_FORMAT_11X
    public static final int INSN_FORMAT_12X
    public static final int INSN_FORMAT_20T
    public static final int INSN_FORMAT_21C
    public static final int INSN_FORMAT_21H
    public static final int INSN_FORMAT_21S
    public static final int INSN_FORMAT_21T
    public static final int INSN_FORMAT_22B
    public static final int INSN_FORMAT_22C
    public static final int INSN_FORMAT_22S
    public static final int INSN_FORMAT_22T
    public static final int INSN_FORMAT_22X
    public static final int INSN_FORMAT_23X
    public static final int INSN_FORMAT_30T
    public static final int INSN_FORMAT_31C
    public static final int INSN_FORMAT_31I
    public static final int INSN_FORMAT_31T
    public static final int INSN_FORMAT_32X
    public static final int INSN_FORMAT_35C
    public static final int INSN_FORMAT_3RC
    public static final int INSN_FORMAT_51L